[handleMsg]:  {
  key: {
    remoteJid: '595975931588@s.whatsapp.net',
    fromMe: false,
    id: '3EB0308E13279C9677B4AC',
    participant: undefined
  },
  messageTimestamp: 1729637554,
  pushName: 'María Jazmín',
  broadcast: false,
  message: Message {
    conversation: 'hola',
    messageContextInfo: MessageContextInfo {
      deviceListMetadata: [DeviceListMetadata],
      deviceListMetadataVersion: 2,
      messageSecret: [Uint8Array]
    }
  },
  body: 'hola',
  from: '595975931588'
}
[QUEUE_SE_ENVIO]:  {
  ref: 'ans_fc888691-d62d-4e96-bd6a-9631fa678f1d',
  keyword: 'key_381843b7-8c28-43c5-bcb4-91f21518cf8d',
  answer: '__call_action__',
  options: {
    media: null,
    buttons: [],
    capture: false,
    child: null,
    delay: 0,
    idle: null,
    ref: null,
    nested: [],
    keyword: {},
    callback: true
  },
  refSerialize: 'e742ff58d292fe05d7cb91d84182d52c'
}
[handleMsg]:  {
  key: {
    remoteJid: '595975931588@s.whatsapp.net',
    fromMe: false,
    id: '3EB0478269C1C901B8B3CB',
    participant: undefined
  },
  messageTimestamp: 1729637563,
  pushName: 'María Jazmín',
  broadcast: false,
  message: Message {
    conversation: 'que temperatura hace en encarnacion',
    messageContextInfo: MessageContextInfo {
      deviceListMetadata: [DeviceListMetadata],
      deviceListMetadataVersion: 2,
      messageSecret: [Uint8Array]
    }
  },
  body: 'que temperatura hace en encarnacion',
  from: '595975931588'
}
[QUEUE_SE_ENVIO]:  {
  ref: 'ans_fc888691-d62d-4e96-bd6a-9631fa678f1d',
  keyword: 'key_381843b7-8c28-43c5-bcb4-91f21518cf8d',
  answer: '__call_action__',
  options: {
    media: null,
    buttons: [],
    capture: false,
    child: null,
    delay: 0,
    idle: null,
    ref: null,
    nested: [],
    keyword: {},
    callback: true
  },
  refSerialize: 'e742ff58d292fe05d7cb91d84182d52c'
}
[handleMsg]:  {
  key: {
    remoteJid: '595975931588@s.whatsapp.net',
    fromMe: false,
    id: '3EB03041D03B43F5D45E93',
    participant: undefined
  },
  messageTimestamp: 1729637582,
  pushName: 'María Jazmín',
  broadcast: false,
  message: Message {
    conversation: 'cuentame un chisme',
    messageContextInfo: MessageContextInfo {
      deviceListMetadata: [DeviceListMetadata],
      deviceListMetadataVersion: 2,
      messageSecret: [Uint8Array]
    }
  },
  body: 'cuentame un chisme',
  from: '595975931588'
}
[QUEUE_SE_ENVIO]:  {
  ref: 'ans_fc888691-d62d-4e96-bd6a-9631fa678f1d',
  keyword: 'key_381843b7-8c28-43c5-bcb4-91f21518cf8d',
  answer: '__call_action__',
  options: {
    media: null,
    buttons: [],
    capture: false,
    child: null,
    delay: 0,
    idle: null,
    ref: null,
    nested: [],
    keyword: {},
    callback: true
  },
  refSerialize: 'e742ff58d292fe05d7cb91d84182d52c'
}
